<?xml version="1.0" encoding="UTF-8"?>
<!-- Generated by org.testng.reporters.JUnitXMLReporter -->
<testsuite hostname="ASUS-Laptop" ignored="0" name="Command line test" tests="4" failures="0" timestamp="2020-10-09T23:10:30 CET" time="76.131" errors="0">
  <testcase name="tabulation1" time="0.657" classname="mycompany.Testc1"/>
  <testcase name="enter" time="2.245" classname="mycompany.Testc1"/>
  <testcase name="tabulation2" time="0.073" classname="mycompany.Testc2"/>
  <testcase name="infooublies" time="1.298" classname="mycompany.Testc2"/>
</testsuite> <!-- Command line test -->
