<?xml version="1.0" encoding="UTF-8"?>
<testng-results skipped="0" failed="0" ignored="0" total="2" passed="2">
  <reporter-output>
  </reporter-output>
  <suite name="Default suite" duration-ms="27875" started-at="2020-10-09T22:55:29 CET" finished-at="2020-10-09T22:55:57 CET">
    <groups>
    </groups>
    <test name="Default test" duration-ms="27875" started-at="2020-10-09T22:55:29 CET" finished-at="2020-10-09T22:55:57 CET">
      <class name="mycompany.Testc2">
        <test-method status="PASS" signature="launch()[pri:0, instance:mycompany.Testc2@436e852b]" name="launch" is-config="true" duration-ms="11051" started-at="2020-10-09T22:55:29 CET" finished-at="2020-10-09T22:55:40 CET">
          <reporter-output>
          </reporter-output>
        </test-method> <!-- launch -->
        <test-method status="PASS" signature="tabulation2()[pri:0, instance:mycompany.Testc2@436e852b]" name="tabulation2" duration-ms="104" started-at="2020-10-09T22:55:40 CET" finished-at="2020-10-09T22:55:41 CET">
          <reporter-output>
          </reporter-output>
        </test-method> <!-- tabulation2 -->
        <test-method status="PASS" signature="launch()[pri:0, instance:mycompany.Testc2@436e852b]" name="launch" is-config="true" duration-ms="15451" started-at="2020-10-09T22:55:41 CET" finished-at="2020-10-09T22:55:56 CET">
          <reporter-output>
          </reporter-output>
        </test-method> <!-- launch -->
        <test-method status="PASS" signature="infooublies()[pri:0, instance:mycompany.Testc2@436e852b]" name="infooublies" duration-ms="1239" started-at="2020-10-09T22:55:56 CET" depends-on-methods="mycompany.Testc2.tabulation2" finished-at="2020-10-09T22:55:57 CET">
          <reporter-output>
          </reporter-output>
        </test-method> <!-- infooublies -->
      </class> <!-- mycompany.Testc2 -->
    </test> <!-- Default test -->
  </suite> <!-- Default suite -->
</testng-results>
